"../../../Engine/Content/EditorResources/S_Actor.uasset" 0
"../../../Engine/Content/EngineResources/AICON-Red.uasset" 1
"../../../Engine/Content/EngineResources/AICON-Green.uasset" 2
"../../../Engine/Content/EngineFonts/Roboto.uasset" 3
"../../../Engine/Content/Functions/Engine_MaterialFunctions01/Shading/PowerToRoughness.uasset" 4
"../../../Engine/Content/Functions/Engine_MaterialFunctions01/Shading/ConvertFromDiffSpec.uasset" 5
"../../../Engine/Content/EngineMaterials/DefaultDiffuse.uasset" 6
"../../../Engine/Content/EngineMaterials/DefaultDeferredDecalMaterial.uasset" 7
"../../../Engine/Content/EngineMaterials/DefaultLightFunctionMaterial.uasset" 8
"../../../Engine/Content/Functions/Engine_MaterialFunctions02/Utility/BreakOutFloat2Components.uasset" 9
"../../../Engine/Content/EngineMaterials/DefaultPostProcessMaterial.uasset" 10
"../../../Engine/Content/EngineResources/DefaultTexture.uasset" 11
"../../../Engine/Content/Functions/Engine_MaterialFunctions01/Texturing/ScaleUVsByCenter.uasset" 12
"../../../Engine/Content/Functions/Engine_MaterialFunctions02/ScreenResolution.uasset" 13
"../../../Engine/Content/Functions/Engine_MaterialFunctions02/Texturing/ScreenAlignedUVs.uasset" 14
"../../../Engine/Content/EngineResources/WhiteSquareTexture.uasset" 15
"../../../Engine/Content/EngineMaterials/Widget3DPassThrough.uasset" 16
"../../../Engine/Content/EngineMaterials/Widget3DPassThrough_Translucent.uasset" 17
"../../../Engine/Content/EngineMaterials/Widget3DPassThrough_Translucent_OneSided.uasset" 18
"../../../Engine/Content/EngineMaterials/Widget3DPassThrough_Opaque.uasset" 19
"../../../Engine/Content/EngineMaterials/Widget3DPassThrough_Opaque_OneSided.uasset" 20
"../../../Engine/Content/EngineMaterials/Widget3DPassThrough_Masked.uasset" 21
"../../../Engine/Content/EngineMaterials/Widget3DPassThrough_Masked_OneSided.uasset" 22
"../../../Engine/Content/Maps/Templates/Thumbnails/Default.uasset" 23
"../../../Engine/Content/Maps/Templates/Thumbnails/VR-Basic.uasset" 24
"../../../Engine/Content/EditorMaterials/ParticleSystems/PSysThumbnail_NoImage.uasset" 25
"../../../Engine/Content/EditorMaterials/ParticleSystems/PSysThumbnail_OOD.uasset" 26
"../../../Engine/Content/EditorLandscapeResources/DataLayer.uasset" 27
"../../../Engine/Content/EngineDamageTypes/DmgTypeBP_Environmental.uasset" 28
"../../../Engine/Content/EngineMeshes/Sphere.uasset" 29
"../../../Engine/Content/EngineFonts/RobotoDistanceField.uasset" 30
"../../../Engine/Content/EngineMaterials/DefaultTextMaterialOpaque.uasset" 31
"../../../Engine/Content/EditorResources/S_Trigger.uasset" 32
"../../../Engine/Content/EngineResources/GradientTexture0.uasset" 33
"../../../Engine/Content/EngineResources/Black.uasset" 34
"../../../Engine/Content/EditorMaterials/MatineeGroups/MAT_Groups_Float.uasset" 35
"../../../Engine/Content/EditorMaterials/MatineeGroups/MAT_Groups_Director.uasset" 36
"../../../Engine/Content/EditorMaterials/MatineeGroups/MAT_Groups_Event.uasset" 37
"../../../Engine/Content/EditorMaterials/MatineeGroups/MAT_Groups_Anim.uasset" 38
"../../../Engine/Content/EditorMaterials/MatineeGroups/MAT_Groups_Fade.uasset" 39
"../../../Engine/Content/EditorMaterials/MatineeGroups/MAT_Groups_Move.uasset" 40
"../../../Engine/Content/EditorMaterials/MatineeGroups/MAT_Groups_Slomo.uasset" 41
"../../../Engine/Content/EditorMaterials/MatineeGroups/MAT_ColorTrack.uasset" 42
"../../../Engine/Content/EditorMaterials/MAT_Groups_Toggle.uasset" 43
"../../../Engine/Content/EditorMaterials/MatineeGroups/MAT_Groups_AudioMaster.uasset" 44
"../../../Engine/Content/EditorMaterials/MatineeGroups/MAT_Groups_Sound.uasset" 45
"../../../Engine/Content/EditorMaterials/MatineeGroups/MAT_Groups_Vector.uasset" 46
"../../../Engine/Content/EditorMaterials/MAT_Groups_Visibility.uasset" 47
"../../../Engine/Content/EngineResources/DefaultTextureCube.uasset" 48
"../../../Engine/Content/Functions/Engine_MaterialFunctions01/Opacity/CameraDepthFade.uasset" 49
"../../../Engine/Content/EngineMaterials/T_Default_Material_Grid_M.uasset" 50
"../../../Engine/Content/EngineMaterials/T_Default_Material_Grid_N.uasset" 51
"../../../Engine/Content/EngineMaterials/DefaultMaterial.uasset" 52
"../../../Engine/Content/EngineMeshes/Cylinder.uasset" 53
"../../../Engine/Content/EngineTireTypes/DefaultTireType.uasset" 54
"../../../Engine/Content/EditorMaterials/Camera/CineMat.uasset" 55
"../../../Engine/Content/EditorMaterials/Camera/MI_CineMat_Rig.uasset" 56
"../../../Engine/Content/EditorMeshes/Camera/SM_CraneRig_Base.uasset" 57
"../../../Engine/Content/EditorMeshes/Camera/SM_CraneRig_Arm.uasset" 58
"../../../Engine/Content/EditorMeshes/Camera/SM_CraneRig_Mount.uasset" 59
"../../../Engine/Content/EditorMeshes/Camera/SM_CraneRig_Body.uasset" 60
"../../../Engine/Content/EditorMeshes/Camera/SM_RailRig_Track.uasset" 61
"../../../Engine/Content/EditorMeshes/Camera/SM_RailRig_Mount.uasset" 62
"../../../Engine/Content/VREditor/LaserPointer/VR_LaserPower_01.uasset" 63
"../../../Engine/Content/VREditor/TransformGizmo/TransformGizmoMaterial.uasset" 64
"../../../Engine/Content/VREditor/TransformGizmo/TranslucentTransformGizmoMaterial.uasset" 65
"../../../Engine/Content/VREditor/TransformGizmo/TranslationHandle.uasset" 66
"../../../Engine/Content/VREditor/TransformGizmo/PlaneTranslationHandle.uasset" 67
"../../../Engine/Content/VREditor/TransformGizmo/RotationHandle.uasset" 68
"../../../Engine/Content/VREditor/TransformGizmo/StretchingHandle.uasset" 69
"../../../Engine/Content/VREditor/TransformGizmo/BoundingBoxCorner.uasset" 70
"../../../Engine/Content/VREditor/TransformGizmo/BoundingBoxEdge.uasset" 71
"../../../Engine/Content/VREditor/TransformGizmo/UniformScaleHandle.uasset" 72
"../../../Engine/Content/VREditor/FloatingText/LineMaterial.uasset" 73
"../../../Engine/Content/VREditor/FloatingText/LineSegmentCylinder.uasset" 74
"../../../Engine/Content/VREditor/FloatingText/JointSphere.uasset" 75
"../../../Engine/Content/VREditor/Fonts/VRText_RobotoLarge.uasset" 76
"../../../Engine/Content/VREditor/Fonts/VRTextMaterial.uasset" 77
"../../../Engine/Content/VREditor/Fonts/TranslucentVRTextMaterial.uasset" 78
"../../../Engine/Content/VREditor/UI/SelectionBarMesh.uasset" 79
"../../../Engine/Content/VREditor/UI/CloseButtonMesh.uasset" 80
"../../../Engine/Content/Tutorial/Basics/TutorialAssets/icon_tab_Levels_40x.uasset" 81
"../../../Engine/Content/Tutorial/Basics/TutorialAssets/CameraActor_64x.uasset" 82
"../../../Engine/Content/Tutorial/Landscape/TutorialAssets/Landscape.uasset" 83
"../../../Engine/Content/Tutorial/BlueprintTutorials/TutorialAssets/Blueprint_64x.uasset" 84
"../../../Engine/Content/Tutorial/Mobile/TutorialAssets/android_Icon.uasset" 85
"../../../Engine/Content/Tutorial/SubEditors/TutorialAssets/icon_ShowSkeletalMeshes_40x.uasset" 86
"../../../Engine/Content/Tutorial/ContentIntroCurve.uasset" 87
"../../../Engine/Plugins/2D/Paper2D/Content/PlaceholderTextures/DummySpriteTexture.uasset" 88
"../../../Engine/Plugins/2D/Paper2D/Content/DefaultSpriteMaterial.uasset" 89
"../../../Engine/Plugins/2D/Paper2D/Content/MaskedUnlitSpriteMaterial.uasset" 90
"../../../Engine/Plugins/2D/Paper2D/Content/OpaqueUnlitSpriteMaterial.uasset" 91
"../../../Engine/Plugins/2D/Paper2D/Content/DummySprite.uasset" 92
"../../../Engine/Plugins/2D/Paper2D/Content/DefaultPaperTerrainMaterial.uasset" 93
"../../../Engine/Content/EngineMaterials/RemoveSurfaceMaterial.uasset" 94
"../../../Engine/Content/EngineDebugMaterials/DebugMeshMaterial.uasset" 95
"../../../Engine/Content/EngineMaterials/InvalidLightmapSettings.uasset" 96
"../../../Engine/Content/EngineMaterials/M_InvalidLightmapSettings.uasset" 97
"../../../Engine/Content/EditorMaterials/GizmoMaterial.uasset" 98
"../../../Engine/Content/EngineMaterials/Good64x64TilingNoiseHighFreq.uasset" 99
"../../../Engine/Content/EngineMaterials/DefaultBokeh.uasset" 100
"../../../Engine/Content/EngineMaterials/PreintegratedSkinBRDF.uasset" 101
"../../../Engine/Content/EngineMaterials/MiniFont.uasset" 102
"../../../Engine/Content/EngineMaterials/WeightMapPlaceholderTexture.uasset" 103
"../../../Engine/Content/EngineMaterials/DefaultWhiteGrid.uasset" 104
"../../../Engine/Content/EngineMaterials/DefaultPhysicalMaterial.uasset" 105
"../../../Engine/Content/EngineFonts/RobotoTiny.uasset" 106
"../../../Engine/Content/EditorSounds/Notifications/CompileSuccess.uasset" 107
"../../../Engine/Content/EditorSounds/Notifications/CompileStart_Cue.uasset" 108
"../../../Engine/Content/EditorSounds/Notifications/CompileSuccess_Cue.uasset" 109
"../../../Engine/Content/EditorSounds/Notifications/CompileFailed.uasset" 110
"../../../Engine/Content/EditorSounds/Notifications/CompileFailed_Cue.uasset" 111
"../../../Engine/Content/MobileResources/HUD/VirtualJoystick_Background.uasset" 112
"../../../Engine/Content/MobileResources/HUD/VirtualJoystick_Thumb.uasset" 113
"../../../Engine/Content/MobileResources/HUD/LeftVirtualJoystickOnly.uasset" 114
"../../../Engine/Content/MobileResources/HUD/DefaultVirtualJoysticks.uasset" 115
"../../../Engine/Content/MobileResources/HUD/MobileHUDButton3.uasset" 116
"../../../Engine/Content/MobileResources/HUD/MobileHUDDirectionPad.uasset" 117
"../../../WoA/Content/StarterContent/Materials/M_Basic_Wall.uasset" 118
"../../../WoA/Content/StarterContent/Shapes/Shape_Wedge_A.uasset" 119
"../../../WoA/Content/StarterContent/Shapes/Shape_Wedge_B.uasset" 120
"../../../WoA/Content/StarterContent/Shapes/Shape_WideCapsule.uasset" 121
"../../../WoA/Content/StarterContent/Shapes/Shape_Trim_90_In.uasset" 122
"../../../WoA/Content/StarterContent/Shapes/Shape_Trim_90_Out.uasset" 123
"../../../WoA/Content/StarterContent/Shapes/Shape_TriPyramid.uasset" 124
"../../../WoA/Content/StarterContent/Shapes/Shape_Tube.uasset" 125
"../../../Engine/Content/MobileResources/HUD/MobileHUDDirectionPad2.uasset" 126
"../../../WoA/Content/StarterContent/Shapes/Shape_Cone.uasset" 127
"../../../WoA/Content/StarterContent/Shapes/Shape_Cylinder.uasset" 128
"../../../WoA/Content/StarterContent/Shapes/Shape_NarrowCapsule.uasset" 129
"../../../WoA/Content/StarterContent/Shapes/Shape_Pipe.uasset" 130
"../../../WoA/Content/StarterContent/Shapes/Shape_Pipe_180.uasset" 131
"../../../WoA/Content/StarterContent/Shapes/Shape_Pipe_90.uasset" 132
"../../../WoA/Content/StarterContent/Shapes/Shape_Plane.uasset" 133
"../../../WoA/Content/StarterContent/Shapes/Shape_Torus.uasset" 134
"../../../WoA/Content/StarterContent/Shapes/Shape_Trim.uasset" 135
"../../../Engine/Content/BasicShapes/Cone.uasset" 136
"../../../Engine/Content/EngineMaterials/WorldGridMaterial.uasset" 137
"../../../Engine/Content/BasicShapes/Cube.uasset" 138
"../../../Engine/Content/BasicShapes/Cylinder.uasset" 139
"../../../Engine/Content/BasicShapes/Sphere.uasset" 140
"../../../Engine/Content/EditorMaterials/PhAT_JointLimitMaterial.uasset" 141
"../../../Engine/Content/EditorMaterials/PreviewShadowIndicator.uasset" 142
"../../../Engine/Content/EditorMaterials/PreviewShadowIndicatorMaterial.uasset" 143
"../../../Engine/Content/EditorResources/BSPVertex.uasset" 144
"../../../Engine/Content/EditorResources/EmptyActor.uasset" 145
"../../../Engine/Content/EditorResources/AudioIcons/S_AudioComponent.uasset" 146
"../../../Engine/Content/EditorResources/AudioIcons/S_AudioComponent_AutoActivate.uasset" 147
"../../../Engine/Content/EditorResources/LightIcons/S_LightError.uasset" 148
"../../../Engine/Content/EngineDebugMaterials/HeatmapGradient.uasset" 149
"../../../Engine/Content/EngineDebugMaterials/BoneWeightMaterial.uasset" 150
"../../../Engine/Content/EngineDebugMaterials/GeomMaterial.uasset" 151
"../../../Engine/Content/EngineMaterials/EditorBrushMaterial.uasset" 152
"../../../Engine/Content/EngineMeshes/Cube.uasset" 153
"../../../Engine/Content/MobileResources/T_MobileControls_texture.uasset" 154
"../../../Engine/Content/MobileResources/T_MobileMenu2.uasset" 155
"../../../Engine/Content/MobileResources/HUD/AnalogHat.uasset" 156
"../../../Engine/Content/MobileResources/HUD/MobileHUDButton1_off.uasset" 157
"../../../Engine/Content/MobileResources/HUD/MobileHUDButton1_on.uasset" 158
"../../../Engine/Content/MobileResources/HUD/MobileHUDButton2_off.uasset" 159
"../../../Engine/Content/MobileResources/HUD/MobileHUDButton2_on.uasset" 160
"../../../Engine/Content/MobileResources/HUD/MobileHUDButtonFire.uasset" 161
"../../../Engine/Content/MobileResources/HUD/MobileHUDDirectionPad3.uasset" 162
"../../../Engine/Content/MobileResources/HUD/MobileHUDDirectionStick.uasset" 163
"../../../Engine/Content/MobileResources/HUD/T_Castle_ThumbstickInner.uasset" 164
"../../../Engine/Content/MobileResources/HUD/T_Castle_ThumbstickOutter.uasset" 165
"../../../Engine/Content/Tutorial/BlueprintTutorials/TutorialAssets/BlueprintInterface_64x.uasset" 166
"../../../Engine/Content/Tutorial/BlueprintTutorials/TutorialAssets/BlueprintMacroLibrary_64x.uasset" 167
"../../../Engine/Content/Tutorial/BlueprintTutorials/TutorialAssets/Tutorial_BP_Interface.uasset" 168
"../../../Engine/Content/Tutorial/Foliage/TutorialAssets/Foliage.uasset" 169
"../../../Engine/Content/Tutorial/Paper2D/TutorialAssets/Paper2DFlipbook_TutorialIcon.uasset" 170
"../../../Engine/Content/Tutorial/Paper2D/TutorialAssets/Paper2DSprite_TutorialIcon.uasset" 171
"../../../Engine/Content/Tutorial/SubEditors/TutorialAssets/icon_Editor_Preferences_General_40x.uasset" 172
"../../../Engine/Content/Tutorial/SubEditors/TutorialAssets/TutorialMaterial.uasset" 173
"../../../Engine/Content/Tutorial/SubEditors/TutorialAssets/T_SmokeSubUV_8X8.uasset" 174
"../../../Engine/Content/Tutorial/SubEditors/TutorialAssets/T_soft_smoke.uasset" 175
"../../../Engine/Content/Tutorial/SubEditors/TutorialAssets/M_smoke_subUV_blackbody.uasset" 176
"../../../Engine/Content/Tutorial/SubEditors/TutorialAssets/TutorialParticleSystem.uasset" 177
"../../../Engine/Content/EditorMeshes/EditorCube.uasset" 178
"../../../Engine/Content/Tutorial/SubEditors/TutorialAssets/Tutorial_DM.uasset" 179
"../../../WoA/Content/MainMenu/Sequencer/MainMenu_Start.uasset" 180
"../../../WoA/Content/StarterContent/Architecture/Pillar_50x500.uasset" 181
"../../../WoA/Content/StarterContent/Architecture/Wall_400x300.uasset" 182
"../../../WoA/Content/StarterContent/Architecture/Wall_400x400.uasset" 183
"../../../WoA/Content/StarterContent/Architecture/Wall_500x500.uasset" 184
"../../../WoA/Content/StarterContent/Architecture/Wall_Door_400x400.uasset" 185
"../../../WoA/Content/StarterContent/Architecture/Wall_Window_400x400.uasset" 186
"../../../WoA/Content/StarterContent/Audio/Light01_Cue.uasset" 187
"../../../WoA/Content/StarterContent/Audio/Light02_Cue.uasset" 188
"../../../WoA/Content/StarterContent/Audio/Explosion_Cue.uasset" 189
"../../../WoA/Content/StarterContent/Textures/T_Burst_M.uasset" 190
"../../../WoA/Content/StarterContent/Particles/Materials/M_Burst.uasset" 191
"../../../WoA/Content/StarterContent/Textures/T_Explosion_SubUV.uasset" 192
"../../../WoA/Content/StarterContent/Particles/Materials/M_explosion_subUV.uasset" 193
"../../../WoA/Content/StarterContent/Particles/Materials/m_flare_01.uasset" 194
"../../../Engine/Content/Functions/Engine_MaterialFunctions01/Gradient/RadialGradient.uasset" 195
"../../../WoA/Content/StarterContent/Particles/Materials/M_radial_ramp.uasset" 196
"../../../WoA/Content/StarterContent/Textures/T_Smoke_SubUV.uasset" 197
"../../../WoA/Content/StarterContent/Textures/T_Smoke_Tiled_D.uasset" 198
"../../../WoA/Content/StarterContent/Particles/Materials/M_smoke_subUV.uasset" 199
"../../../WoA/Content/StarterContent/Particles/P_Explosion.uasset" 200
"../../../WoA/Content/StarterContent/Blueprints/Blueprint_Effect_Explosion.uasset" 201
"../../../Engine/Content/EditorMeshes/ColorCalibrator/T_ColorGrid.uasset" 202
"../../../WoA/Content/StarterContent/Materials/M_ColorGrid_LowSpec.uasset" 203
"../../../WoA/Content/StarterContent/Textures/T_Bush_D.uasset" 204
"../../../WoA/Content/StarterContent/Textures/T_Bush_N.uasset" 205
"../../../WoA/Content/StarterContent/Props/Materials/M_Bush.uasset" 206
"../../../WoA/Content/StarterContent/Props/SM_Bush.uasset" 207
"../../../WoA/Content/StarterContent/Textures/T_Chair_M.uasset" 208
"../../../WoA/Content/StarterContent/Textures/T_Chair_N.uasset" 209
"../../../WoA/Content/StarterContent/Props/Materials/M_Chair.uasset" 210
"../../../WoA/Content/StarterContent/Props/SM_Couch.uasset" 211
"../../../WoA/Content/StarterContent/Materials/M_Glass.uasset" 212
"../../../WoA/Content/StarterContent/Textures/T_Door_M.uasset" 213
"../../../WoA/Content/StarterContent/Textures/T_Door_N.uasset" 214
"../../../WoA/Content/StarterContent/Props/Materials/M_Door.uasset" 215
"../../../WoA/Content/StarterContent/Props/SM_Door.uasset" 216
"../../../WoA/Content/StarterContent/Props/Materials/M_MaterialSphere.uasset" 217
"../../../WoA/Content/StarterContent/Props/Materials/M_MaterialSphere_Plain.uasset" 218
"../../../WoA/Content/StarterContent/Props/SM_MatPreviewMesh_02.uasset" 219
"../../../WoA/Content/StarterContent/Textures/T_Shelf_M.uasset" 220
"../../../WoA/Content/StarterContent/Textures/T_Shelf_N.uasset" 221
"../../../WoA/Content/StarterContent/Props/Materials/M_Shelf.uasset" 222
"../../../WoA/Content/StarterContent/Props/SM_Shelf.uasset" 223
"../../../WoA/Content/StarterContent/Materials/M_Basic_Floor.uasset" 224
"../../../WoA/Content/StarterContent/Props/SM_Stairs.uasset" 225
"../../../Engine/Content/EditorBlueprintResources/StandardMacros.uasset" 226
"../../../Engine/Content/EngineSky/C_Sky_Cloud_Color.uasset" 227
"../../../Engine/Content/EngineSky/C_Sky_Horizon_Color.uasset" 228
"../../../Engine/Content/EngineSky/C_Sky_Zenith_Color.uasset" 229
"../../../Engine/Content/EngineSky/T_Sky_Blue.uasset" 230
"../../../Engine/Content/EngineSky/T_Sky_Clouds_M.uasset" 231
"../../../Engine/Content/EngineSky/T_Sky_Stars.uasset" 232
"../../../Engine/Content/EngineSky/M_Sky_Panning_Clouds2.uasset" 233
"../../../Engine/Content/EngineSky/SM_SkySphere.uasset" 234
"../../../Engine/Content/EngineSky/BP_Sky_Sphere.uasset" 235
"../../../WoA/Content/MainMenu/Sequencer/MainMenu_LookLeft.uasset" 236
"../../../WoA/Content/MainMenu/Sequencer/MainMenu_LookRight.uasset" 237
"../../../WoA/Content/MainMenu/Widgets/MainMenu.uasset" 238
"../../../WoA/Content/MainMenu/UIActors/UI_Actor.uasset" 239
"../../../WoA/Content/MainMenu/Pictures/IYP.uasset" 240
"../../../WoA/Content/MainMenu/Pictures/newt.uasset" 241
"../../../WoA/Content/MainMenu/Pictures/Pooch.uasset" 242
"../../../WoA/Content/MainMenu/Widgets/Credits.uasset" 243
"../../../WoA/Content/MainMenu/UIActors/UI_Actor2.uasset" 244
"../../../WoA/Content/MainMenu/Widgets/Settings.uasset" 245
"../../../WoA/Content/MainMenu/UIActors/UI_Actor3.uasset" 246
"../../../WoA/Content/StarterContent/Textures/T_Metal_Gold_N.uasset" 247
"../../../WoA/Content/StarterContent/Textures/T_Perlin_Noise_M.uasset" 248
"../../../WoA/Content/StarterContent/Textures/T_Rock_Marble_Polished_D.uasset" 249
"../../../WoA/Content/StarterContent/Materials/M_Rock_Marble_Polished.uasset" 250
"../../../WoA/Content/StarterContent/Textures/T_Wood_Floor_Walnut_D.uasset" 251
"../../../WoA/Content/StarterContent/Textures/T_Wood_Floor_Walnut_M.uasset" 252
"../../../WoA/Content/StarterContent/Textures/T_Wood_Floor_Walnut_N.uasset" 253
"../../../WoA/Content/StarterContent/Materials/M_Wood_Floor_Walnut_Polished.uasset" 254
"../../../WoA/Content/StarterContent/Props/SM_Chair.uasset" 255
"../../../Engine/Content/Functions/Engine_MaterialFunctions02/Utility/BlendAngleCorrectedNormals.uasset" 256
"../../../WoA/Content/StarterContent/Textures/T_Detail_Rocky_N.uasset" 257
"../../../WoA/Content/StarterContent/Textures/T_Rock_Basalt_D.uasset" 258
"../../../WoA/Content/StarterContent/Textures/T_RockMesh_M.uasset" 259
"../../../WoA/Content/StarterContent/Textures/T_RockMesh_N.uasset" 260
"../../../WoA/Content/StarterContent/Props/Materials/M_Rock.uasset" 261
"../../../WoA/Content/StarterContent/Props/SM_Rock.uasset" 262
"../../../WoA/Content/StarterContent/Textures/T_TableRound_M.uasset" 263
"../../../WoA/Content/StarterContent/Textures/T_TableRound_N.uasset" 264
"../../../WoA/Content/StarterContent/Props/Materials/M_TableRound.uasset" 265
"../../../WoA/Content/StarterContent/Props/SM_TableRound.uasset" 266
"../../../WoA/Content/Maps/MainMenu.umap" 267
"../../../WoA/Content/StarterContent/Blueprints/Assets/FogBrightnessLUT.uasset" 268
"../../../WoA/Content/StarterContent/Blueprints/Assets/SunlightColorLUT.uasset" 269
"../../../WoA/Content/StarterContent/Blueprints/Assets/M_LightStage_Arrows.uasset" 270
"../../../Engine/Content/MapTemplates/Sky/DaylightAmbientCubemap.uasset" 271
"../../../WoA/Content/StarterContent/Blueprints/Assets/M_LightStage_Skybox_Master.uasset" 272
"../../../WoA/Content/StarterContent/Blueprints/Assets/M_LightStage_Skybox_Black.uasset" 273
"../../../WoA/Content/StarterContent/Blueprints/Assets/M_LightStage_Skybox_HDRI.uasset" 274
"../../../Engine/Content/EditorMaterials/Thumbnails/SkySphereMaterial.uasset" 275
"../../../WoA/Content/StarterContent/Blueprints/Assets/Skybox.uasset" 276
"../../../WoA/Content/StarterContent/Blueprints/Assets/SM_Arrows.uasset" 277
"../../../WoA/Content/StarterContent/HDRI/HDRI_Epic_Courtyard_Daylight.uasset" 278
"../../../WoA/Content/StarterContent/Blueprints/BP_LightStudio.uasset" 279
"../../../WoA/Content/StarterContent/Materials/M_AssetPlatform.uasset" 280
"../../../Engine/Content/EditorMeshes/ColorCalibrator/M_ChromeBall.uasset" 281
"../../../Engine/Content/EditorMeshes/ColorCalibrator/M_ClearCoat.uasset" 282
"../../../Engine/Content/EditorMeshes/ColorCalibrator/M_ClearCoatBlack.uasset" 283
"../../../Engine/Content/EditorMeshes/ColorCalibrator/M_ColorGrid.uasset" 284
"../../../Engine/Content/EditorMeshes/ColorCalibrator/M_GreyBall.uasset" 285
"../../../Engine/Content/EditorMeshes/ColorCalibrator/SM_ColorCalibrator.uasset" 286
"../../../WoA/Content/StarterContent/Architecture/SM_AssetPlatform.uasset" 287
"../../../WoA/Content/StarterContent/Maps/Advanced_Lighting.umap" 288
"../../../WoA/Content/StarterContent/Textures/T_MacroVariation.uasset" 289
"../../../WoA/Content/StarterContent/Materials/M_Metal_Brushed_Nickel.uasset" 290
"../../../WoA/Content/StarterContent/Textures/T_Metal_Aluminum_D.uasset" 291
"../../../WoA/Content/StarterContent/Materials/M_Metal_Burnished_Steel.uasset" 292
"../../../WoA/Content/StarterContent/Textures/T_Metal_Copper_D.uasset" 293
"../../../WoA/Content/StarterContent/Materials/M_Metal_Copper.uasset" 294
"../../../WoA/Content/StarterContent/Textures/T_Statue_M.uasset" 295
"../../../WoA/Content/StarterContent/Textures/T_Statue_N.uasset" 296
"../../../WoA/Content/StarterContent/Props/Materials/M_StatueGlass.uasset" 297
"../../../WoA/Content/StarterContent/Architecture/Floor_400x400.uasset" 298
"../../../WoA/Content/StarterContent/Audio/Starter_Background_Cue.uasset" 299
"../../../WoA/Content/StarterContent/Props/Materials/M_Statue.uasset" 300
"../../../WoA/Content/StarterContent/Props/SM_Statue.uasset" 301
"../../../WoA/Content/StarterContent/Maps/Minimal_Default.umap" 302
"../../../WoA/Content/StarterContent/Audio/Fire01_Cue.uasset" 303
"../../../WoA/Content/StarterContent/Textures/T_Fire_SubUV.uasset" 304
"../../../WoA/Content/StarterContent/Textures/T_Fire_Tiled_D.uasset" 305
"../../../WoA/Content/StarterContent/Particles/Materials/M_Fire_SubUV.uasset" 306
"../../../WoA/Content/StarterContent/Textures/T_Water_N.uasset" 307
"../../../WoA/Content/StarterContent/Particles/Materials/M_Heat_Distortion.uasset" 308
"../../../WoA/Content/StarterContent/Particles/Materials/M_Radial_Gradient.uasset" 309
"../../../WoA/Content/StarterContent/Particles/P_Fire.uasset" 310
"../../../WoA/Content/StarterContent/Blueprints/Blueprint_Effect_Fire.uasset" 311
"../../../WoA/Content/StarterContent/Audio/Smoke01_Cue.uasset" 312
"../../../WoA/Content/StarterContent/Particles/P_Smoke.uasset" 313
"../../../WoA/Content/StarterContent/Blueprints/Blueprint_Effect_Smoke.uasset" 314
"../../../WoA/Content/StarterContent/Audio/Fire_Sparks01_Cue.uasset" 315
"../../../WoA/Content/StarterContent/Textures/T_Spark_Core.uasset" 316
"../../../WoA/Content/StarterContent/Particles/Materials/M_Spark.uasset" 317
"../../../WoA/Content/StarterContent/Particles/P_Sparks.uasset" 318
"../../../WoA/Content/StarterContent/Blueprints/Blueprint_Effect_Sparks.uasset" 319
"../../../WoA/Content/StarterContent/Audio/Steam01_Cue.uasset" 320
"../../../WoA/Content/StarterContent/Particles/P_Steam_Lit.uasset" 321
"../../../WoA/Content/StarterContent/Blueprints/Blueprint_Effect_Steam.uasset" 322
"../../../WoA/Content/StarterContent/Textures/T_Lamp_M.uasset" 323
"../../../WoA/Content/StarterContent/Textures/T_Lamp_N.uasset" 324
"../../../WoA/Content/StarterContent/Props/Materials/M_Lamp.uasset" 325
"../../../WoA/Content/StarterContent/Props/SM_Lamp_Ceiling.uasset" 326
"../../../WoA/Content/StarterContent/Blueprints/Blueprint_CeilingLight.uasset" 327
"../../../WoA/Content/StarterContent/Props/SM_Lamp_Wall.uasset" 328
"../../../WoA/Content/StarterContent/Blueprints/Blueprint_WallSconce.uasset" 329
"../../../Engine/Content/Functions/Engine_MaterialFunctions03/Procedurals/ComputeFilterWidth.uasset" 330
"../../../Engine/Content/EngineMaterials/AntiAliasedTextMaterialTranslucent.uasset" 331
"../../../WoA/Content/StarterContent/Textures/T_Brick_Clay_Beveled_D.uasset" 332
"../../../WoA/Content/StarterContent/Textures/T_Brick_Clay_Beveled_M.uasset" 333
"../../../WoA/Content/StarterContent/Textures/T_Brick_Clay_Beveled_N.uasset" 334
"../../../WoA/Content/StarterContent/Materials/M_Brick_Clay_Beveled.uasset" 335
"../../../WoA/Content/StarterContent/Textures/T_Brick_Clay_New_D.uasset" 336
"../../../WoA/Content/StarterContent/Textures/T_Brick_Clay_New_M.uasset" 337
"../../../WoA/Content/StarterContent/Textures/T_Brick_Clay_New_N.uasset" 338
"../../../WoA/Content/StarterContent/Materials/M_Brick_Clay_New.uasset" 339
"../../../WoA/Content/StarterContent/Textures/T_Brick_Clay_Old_D.uasset" 340
"../../../WoA/Content/StarterContent/Textures/T_Brick_Clay_Old_N.uasset" 341
"../../../WoA/Content/StarterContent/Materials/M_Brick_Clay_Old.uasset" 342
"../../../WoA/Content/StarterContent/Textures/T_Brick_Cut_Stone_D.uasset" 343
"../../../WoA/Content/StarterContent/Textures/T_Brick_Cut_Stone_N.uasset" 344
"../../../WoA/Content/StarterContent/Materials/M_Brick_Cut_Stone.uasset" 345
"../../../WoA/Content/StarterContent/Textures/T_Brick_Hewn_Stone_D.uasset" 346
"../../../WoA/Content/StarterContent/Textures/T_Brick_Hewn_Stone_M.uasset" 347
"../../../WoA/Content/StarterContent/Textures/T_Brick_Hewn_Stone_N.uasset" 348
"../../../WoA/Content/StarterContent/Materials/M_Brick_Hewn_Stone.uasset" 349
"../../../WoA/Content/StarterContent/Textures/T_Ceramic_Tile_M.uasset" 350
"../../../WoA/Content/StarterContent/Textures/T_Ceramic_Tile_N.uasset" 351
"../../../WoA/Content/StarterContent/Materials/M_Ceramic_Tile_Checker.uasset" 352
"../../../WoA/Content/StarterContent/Textures/T_CobbleStone_Pebble_D.uasset" 353
"../../../WoA/Content/StarterContent/Textures/T_CobbleStone_Pebble_M.uasset" 354
"../../../WoA/Content/StarterContent/Textures/T_CobbleStone_Pebble_N.uasset" 355
"../../../WoA/Content/StarterContent/Materials/M_CobbleStone_Pebble.uasset" 356
"../../../WoA/Content/StarterContent/Textures/T_CobbleStone_Rough_D.uasset" 357
"../../../WoA/Content/StarterContent/Textures/T_CobbleStone_Rough_N.uasset" 358
"../../../WoA/Content/StarterContent/Textures/T_Gradinet_01.uasset" 359
"../../../WoA/Content/StarterContent/Textures/T_Rock_Smooth_Granite_D.uasset" 360
"../../../WoA/Content/StarterContent/Materials/M_CobbleStone_Rough.uasset" 361
"../../../WoA/Content/StarterContent/Textures/T_CobbleStone_Smooth_D.uasset" 362
"../../../WoA/Content/StarterContent/Textures/T_CobbleStone_Smooth_M.uasset" 363
"../../../WoA/Content/StarterContent/Textures/T_CobbleStone_Smooth_N.uasset" 364
"../../../WoA/Content/StarterContent/Materials/M_CobbleStone_Smooth.uasset" 365
"../../../WoA/Content/StarterContent/Textures/T_Concrete_Grime_D.uasset" 366
"../../../WoA/Content/StarterContent/Textures/T_Metal_Rust_N.uasset" 367
"../../../WoA/Content/StarterContent/Materials/M_Concrete_Grime.uasset" 368
"../../../WoA/Content/StarterContent/Textures/T_Concrete_Panels_D.uasset" 369
"../../../WoA/Content/StarterContent/Textures/T_Concrete_Panels_N.uasset" 370
"../../../WoA/Content/StarterContent/Materials/M_Concrete_Panels.uasset" 371
"../../../WoA/Content/StarterContent/Textures/T_Concrete_Poured_D.uasset" 372
"../../../WoA/Content/StarterContent/Textures/T_Concrete_Poured_N.uasset" 373
"../../../WoA/Content/StarterContent/Materials/M_Concrete_Poured.uasset" 374
"../../../WoA/Content/StarterContent/Textures/T_Concrete_Tiles_D.uasset" 375
"../../../WoA/Content/StarterContent/Textures/T_Concrete_Tiles_M.uasset" 376
"../../../WoA/Content/StarterContent/Textures/T_Concrete_Tiles_N.uasset" 377
"../../../WoA/Content/StarterContent/Textures/T_Concrete_Tiles_Variation_M.uasset" 378
"../../../WoA/Content/StarterContent/Materials/M_Concrete_Tiles.uasset" 379
"../../../WoA/Content/StarterContent/Textures/T_Ground_Grass_D.uasset" 380
"../../../WoA/Content/StarterContent/Textures/T_Ground_Grass_N.uasset" 381
"../../../WoA/Content/StarterContent/Materials/M_Ground_Grass.uasset" 382
"../../../WoA/Content/StarterContent/Textures/T_Ground_Gravel_D.uasset" 383
"../../../WoA/Content/StarterContent/Textures/T_Ground_Gravel_N.uasset" 384
"../../../WoA/Content/StarterContent/Materials/M_Ground_Gravel.uasset" 385
"../../../WoA/Content/StarterContent/Textures/T_ground_Moss_D.uasset" 386
"../../../WoA/Content/StarterContent/Textures/T_Ground_Moss_N.uasset" 387
"../../../WoA/Content/StarterContent/Materials/M_Ground_Moss.uasset" 388
"../../../WoA/Content/StarterContent/Materials/M_Metal_Chrome.uasset" 389
"../../../WoA/Content/StarterContent/Textures/T_Metal_Gold_D.uasset" 390
"../../../WoA/Content/StarterContent/Materials/M_Metal_Gold.uasset" 391
"../../../WoA/Content/StarterContent/Textures/T_Metal_Rust_D.uasset" 392
"../../../WoA/Content/StarterContent/Materials/M_Metal_Rust.uasset" 393
"../../../WoA/Content/StarterContent/Textures/T_Metal_Steel_D.uasset" 394
"../../../WoA/Content/StarterContent/Textures/T_Metal_Steel_N.uasset" 395
"../../../WoA/Content/StarterContent/Materials/M_Metal_Steel.uasset" 396
"../../../WoA/Content/StarterContent/Textures/T_Rock_Basalt_N.uasset" 397
"../../../WoA/Content/StarterContent/Materials/M_Rock_Basalt.uasset" 398
"../../../WoA/Content/StarterContent/Textures/T_Rock_Sandstone_D.uasset" 399
"../../../WoA/Content/StarterContent/Textures/T_Rock_Sandstone_N.uasset" 400
"../../../WoA/Content/StarterContent/Materials/M_Rock_Sandstone.uasset" 401
"../../../WoA/Content/StarterContent/Textures/T_Rock_Slate_D.uasset" 402
"../../../WoA/Content/StarterContent/Textures/T_Rock_Slate_N.uasset" 403
"../../../WoA/Content/StarterContent/Materials/M_Rock_Slate.uasset" 404
"../../../WoA/Content/StarterContent/Textures/T_Checker_Noise_M.uasset" 405
"../../../WoA/Content/StarterContent/Textures/T_Single_Tile_N.uasset" 406
"../../../WoA/Content/StarterContent/Textures/T_Tech_Dot_M.uasset" 407
"../../../WoA/Content/StarterContent/Textures/T_Tech_Dot_N.uasset" 408
"../../../WoA/Content/StarterContent/Materials/M_Tech_Checker_Dot.uasset" 409
"../../../WoA/Content/StarterContent/Textures/T_Tech_Hex_Tile_M.uasset" 410
"../../../WoA/Content/StarterContent/Textures/T_Tech_Hex_Tile_N.uasset" 411
"../../../WoA/Content/StarterContent/Materials/M_Tech_Hex_Tile.uasset" 412
"../../../WoA/Content/StarterContent/Materials/M_Tech_Hex_Tile_Pulse.uasset" 413
"../../../WoA/Content/StarterContent/Textures/T_Tech_Panel_M.uasset" 414
"../../../WoA/Content/StarterContent/Textures/T_Tech_Panel_N.uasset" 415
"../../../WoA/Content/StarterContent/Materials/M_Tech_Panel.uasset" 416
"../../../WoA/Content/StarterContent/Materials/M_Water_Lake.uasset" 417
"../../../WoA/Content/StarterContent/Textures/T_Water_M.uasset" 418
"../../../WoA/Content/StarterContent/Materials/M_Water_Ocean.uasset" 419
"../../../Engine/Content/Functions/Engine_MaterialFunctions01/Opacity/AlphaOffset.uasset" 420
"../../../WoA/Content/StarterContent/Materials/M_Wood_Floor_Walnut_Worn.uasset" 421
"../../../WoA/Content/StarterContent/Textures/T_Wood_Oak_D.uasset" 422
"../../../WoA/Content/StarterContent/Textures/T_Wood_Oak_N.uasset" 423
"../../../WoA/Content/StarterContent/Materials/M_Wood_Oak.uasset" 424
"../../../WoA/Content/StarterContent/Textures/T_Wood_Pine_D.uasset" 425
"../../../WoA/Content/StarterContent/Textures/T_Wood_Pine_N.uasset" 426
"../../../WoA/Content/StarterContent/Materials/M_Wood_Pine.uasset" 427
"../../../WoA/Content/StarterContent/Textures/T_Wood_Walnut_D.uasset" 428
"../../../WoA/Content/StarterContent/Textures/T_Wood_Walnut_N.uasset" 429
"../../../WoA/Content/StarterContent/Materials/M_Wood_Walnut.uasset" 430
"../../../WoA/Content/StarterContent/Architecture/Wall_400x200.uasset" 431
"../../../WoA/Content/StarterContent/Architecture/Wall_Door_400x300.uasset" 432
"../../../WoA/Content/StarterContent/Architecture/Wall_Window_400x300.uasset" 433
"../../../WoA/Content/StarterContent/Audio/Collapse_Cue.uasset" 434
"../../../WoA/Content/StarterContent/Audio/Starter_Music_Cue.uasset" 435
"../../../WoA/Content/StarterContent/Textures/T_Dust_Particle_D.uasset" 436
"../../../WoA/Content/StarterContent/Particles/Materials/M_Dust_Particle.uasset" 437
"../../../WoA/Content/StarterContent/Particles/P_Ambient_Dust.uasset" 438
"../../../WoA/Content/StarterContent/Props/MaterialSphere.uasset" 439
"../../../WoA/Content/StarterContent/Textures/T_Frame_M.uasset" 440
"../../../WoA/Content/StarterContent/Textures/T_Frame_N.uasset" 441
"../../../WoA/Content/StarterContent/Props/Materials/M_Frame.uasset" 442
"../../../WoA/Content/StarterContent/Props/SM_CornerFrame.uasset" 443
"../../../WoA/Content/StarterContent/Props/SM_DoorFrame.uasset" 444
"../../../WoA/Content/StarterContent/Props/SM_GlassWindow.uasset" 445
"../../../WoA/Content/StarterContent/Props/SM_PillarFrame.uasset" 446
"../../../WoA/Content/StarterContent/Props/SM_PillarFrame300.uasset" 447
"../../../WoA/Content/StarterContent/Props/SM_WindowFrame.uasset" 448
"../../../WoA/Content/StarterContent/Shapes/Shape_Cube.uasset" 449
"../../../WoA/Content/StarterContent/Shapes/Shape_QuadPyramid.uasset" 450
"../../../WoA/Content/StarterContent/Shapes/Shape_Sphere.uasset" 451
"../../../WoA/Content/StarterContent/Maps/StarterMap.umap" 452
"../../../Engine/Content/EngineMaterials/DefaultNormal.uasset" 453
"../../../Engine/Content/Maps/Entry.umap" 454
